2015-03-25 16:14:13 INFO  SettingsFactory:210 - JDBC result set fetch size: 50
2015-03-25 16:14:13 INFO  SettingsFactory:214 - Connection release mode: auto
2015-03-25 16:14:13 INFO  SettingsFactory:238 - Maximum outer join fetch depth: 3
2015-03-25 16:14:13 INFO  SettingsFactory:241 - Default batch fetch size: 1
2015-03-25 16:14:13 INFO  SettingsFactory:245 - Generate SQL with comments: disabled
2015-03-25 16:14:13 INFO  SettingsFactory:249 - Order SQL updates by primary key: disabled
2015-03-25 16:14:13 INFO  SettingsFactory:253 - Order SQL inserts for batching: disabled
2015-03-25 16:14:13 INFO  SettingsFactory:431 - Query translator: org.hibernate.hql.ast.ASTQueryTranslatorFactory
2015-03-25 16:14:13 INFO  ASTQueryTranslatorFactory:47 - Using ASTQueryTranslatorFactory
2015-03-25 16:14:13 INFO  SettingsFactory:261 - Query language substitutions: {}
2015-03-25 16:14:13 INFO  SettingsFactory:266 - JPA-QL strict compliance: disabled
2015-03-25 16:14:13 INFO  SettingsFactory:271 - Second-level cache: enabled
2015-03-25 16:14:13 INFO  SettingsFactory:275 - Query cache: disabled
2015-03-25 16:14:13 INFO  SettingsFactory:406 - Cache region factory : org.hibernate.cache.impl.NoCachingRegionFactory
2015-03-25 16:14:13 INFO  SettingsFactory:285 - Optimize cache for minimal puts: disabled
2015-03-25 16:14:13 INFO  SettingsFactory:294 - Structured second-level cache entries: disabled
2015-03-25 16:14:13 INFO  SettingsFactory:314 - Echoing all SQL to stdout
2015-03-25 16:14:13 INFO  SettingsFactory:323 - Statistics: disabled
2015-03-25 16:14:13 INFO  SettingsFactory:327 - Deleted entity synthetic identifier rollback: disabled
2015-03-25 16:14:13 INFO  SettingsFactory:343 - Default entity-mode: pojo
2015-03-25 16:14:13 INFO  SettingsFactory:347 - Named query checking : enabled
2015-03-25 16:14:13 INFO  SettingsFactory:351 - Check Nullability in Core (should be disabled when Bean Validation is on): enabled
2015-03-25 16:14:13 INFO  SessionFactoryImpl:202 - building session factory
2015-03-25 16:14:13 INFO  BasicTypeRegistry:150 - Type registration [characters_clob] overrides previous : org.hibernate.type.PrimitiveCharacterArrayClobType@37d00a23
2015-03-25 16:14:13 INFO  BasicTypeRegistry:150 - Type registration [blob] overrides previous : org.hibernate.type.BlobType@433e536f
2015-03-25 16:14:13 INFO  BasicTypeRegistry:150 - Type registration [java.sql.Blob] overrides previous : org.hibernate.type.BlobType@433e536f
2015-03-25 16:14:14 INFO  BasicTypeRegistry:150 - Type registration [wrapper_materialized_blob] overrides previous : org.hibernate.type.WrappedMaterializedBlobType@89c65d5
2015-03-25 16:14:14 INFO  BasicTypeRegistry:150 - Type registration [wrapper_characters_clob] overrides previous : org.hibernate.type.CharacterArrayClobType@faa3fed
2015-03-25 16:14:14 INFO  BasicTypeRegistry:150 - Type registration [materialized_blob] overrides previous : org.hibernate.type.MaterializedBlobType@381cad29
2015-03-25 16:14:14 INFO  BasicTypeRegistry:150 - Type registration [clob] overrides previous : org.hibernate.type.ClobType@988246e
2015-03-25 16:14:14 INFO  BasicTypeRegistry:150 - Type registration [java.sql.Clob] overrides previous : org.hibernate.type.ClobType@988246e
2015-03-25 16:14:14 INFO  BasicTypeRegistry:150 - Type registration [materialized_clob] overrides previous : org.hibernate.type.MaterializedClobType@62515a47
2015-03-25 16:14:14 INFO  SessionFactoryObjectFactory:105 - Not binding factory to JNDI, no JNDI name configured
2015-03-25 16:14:14 INFO  HibernateTransactionManager:418 - Using DataSource [org.springframework.jdbc.datasource.DriverManagerDataSource@29a4f594] of Hibernate SessionFactory for HibernateTransactionManager
2015-03-25 16:14:14 WARN  JDBCExceptionReporter:233 - SQL Error: -5501, SQLState: 42501
2015-03-25 16:14:14 ERROR JDBCExceptionReporter:234 - user lacks privilege or object not found: HIBERNATE_SEQUENCES
2015-03-25 16:20:37 INFO  ClassPathXmlApplicationContext:510 - Refreshing org.springframework.context.support.ClassPathXmlApplicationContext@76707e36: startup date [Wed Mar 25 16:20:37 BRT 2015]; root of context hierarchy
2015-03-25 16:20:37 INFO  XmlBeanDefinitionReader:317 - Loading XML bean definitions from class path resource [app-contextTest.xml]
2015-03-25 16:20:39 INFO  DriverManagerDataSource:133 - Loaded JDBC driver: org.hsqldb.jdbcDriver
2015-03-25 16:20:39 INFO  Version:37 - Hibernate Commons Annotations 3.2.0.Final
2015-03-25 16:20:39 INFO  Environment:603 - Hibernate 3.6.9.Final
2015-03-25 16:20:39 INFO  Environment:636 - hibernate.properties not found
2015-03-25 16:20:39 INFO  Environment:814 - Bytecode provider name : javassist
2015-03-25 16:20:39 INFO  Environment:695 - using JDK 1.4 java.sql.Timestamp handling
2015-03-25 16:20:39 INFO  AnnotationBinder:532 - Binding entity from annotated class: com.IMaylatov.Recommend.Entity.Person
2015-03-25 16:20:39 INFO  EntityBinder:530 - Bind entity com.IMaylatov.Recommend.Entity.Person on table Person
2015-03-25 16:20:40 INFO  AnnotationBinder:532 - Binding entity from annotated class: com.IMaylatov.Recommend.Entity.Rate
2015-03-25 16:20:40 INFO  EntityBinder:530 - Bind entity com.IMaylatov.Recommend.Entity.Rate on table Rate
2015-03-25 16:20:40 INFO  AnnotationBinder:532 - Binding entity from annotated class: com.IMaylatov.Recommend.Entity.Song
2015-03-25 16:20:40 INFO  EntityBinder:530 - Bind entity com.IMaylatov.Recommend.Entity.Song on table Song
2015-03-25 16:20:40 INFO  CollectionBinder:762 - Mapping collection: com.IMaylatov.Recommend.Entity.Song.rateList -> Rate
2015-03-25 16:20:40 INFO  CollectionBinder:762 - Mapping collection: com.IMaylatov.Recommend.Entity.Person.rateList -> Rate
2015-03-25 16:20:40 INFO  Configuration:1676 - Hibernate Validator not found: ignoring
2015-03-25 16:20:40 INFO  AnnotationSessionFactoryBean:713 - Building new Hibernate SessionFactory
2015-03-25 16:20:40 INFO  HibernateSearchEventListenerRegister:75 - Unable to find org.hibernate.search.event.FullTextIndexEventListener on the classpath. Hibernate Search is not enabled.
2015-03-25 16:20:40 INFO  ConnectionProviderFactory:173 - Initializing connection provider: org.springframework.orm.hibernate3.LocalDataSourceConnectionProvider
2015-03-25 16:20:40 WARN  JDBCExceptionReporter:233 - SQL Error: -78, SQLState: S1000
2015-03-25 16:20:40 ERROR JDBCExceptionReporter:234 - error in script file line: 1 Unexpected token UNIQUE, requires COLLATION in statement [SET DATABASE UNIQUE]
2015-03-25 16:20:40 WARN  SettingsFactory:147 - Could not obtain connection to query metadata
java.sql.SQLException: error in script file line: 1 Unexpected token UNIQUE, requires COLLATION in statement [SET DATABASE UNIQUE]
	at org.hsqldb.jdbc.Util.sqlException(Unknown Source)
	at org.hsqldb.jdbc.jdbcConnection.<init>(Unknown Source)
	at org.hsqldb.jdbcDriver.getConnection(Unknown Source)
	at org.hsqldb.jdbcDriver.connect(Unknown Source)
	at java.sql.DriverManager.getConnection(DriverManager.java:664)
	at java.sql.DriverManager.getConnection(DriverManager.java:208)
	at org.springframework.jdbc.datasource.DriverManagerDataSource.getConnectionFromDriverManager(DriverManagerDataSource.java:153)
	at org.springframework.jdbc.datasource.DriverManagerDataSource.getConnectionFromDriver(DriverManagerDataSource.java:144)
	at org.springframework.jdbc.datasource.AbstractDriverBasedDataSource.getConnectionFromDriver(AbstractDriverBasedDataSource.java:155)
	at org.springframework.jdbc.datasource.AbstractDriverBasedDataSource.getConnection(AbstractDriverBasedDataSource.java:120)
	at org.springframework.orm.hibernate3.LocalDataSourceConnectionProvider.getConnection(LocalDataSourceConnectionProvider.java:85)
	at org.hibernate.cfg.SettingsFactory.buildSettings(SettingsFactory.java:113)
	at org.hibernate.cfg.Configuration.buildSettingsInternal(Configuration.java:2863)
	at org.hibernate.cfg.Configuration.buildSettings(Configuration.java:2859)
	at org.hibernate.cfg.Configuration.buildSessionFactory(Configuration.java:1870)
	at org.springframework.orm.hibernate3.LocalSessionFactoryBean.newSessionFactory(LocalSessionFactoryBean.java:793)
	at org.springframework.orm.hibernate3.LocalSessionFactoryBean.buildSessionFactory(LocalSessionFactoryBean.java:715)
	at org.springframework.orm.hibernate3.AbstractSessionFactoryBean.afterPropertiesSet(AbstractSessionFactoryBean.java:189)
	at org.springframework.beans.factory.support.AbstractAutowireCapableBeanFactory.invokeInitMethods(AbstractAutowireCapableBeanFactory.java:1627)
	at org.springframework.beans.factory.support.AbstractAutowireCapableBeanFactory.initializeBean(AbstractAutowireCapableBeanFactory.java:1564)
	at org.springframework.beans.factory.support.AbstractAutowireCapableBeanFactory.doCreateBean(AbstractAutowireCapableBeanFactory.java:540)
	at org.springframework.beans.factory.support.AbstractAutowireCapableBeanFactory.createBean(AbstractAutowireCapableBeanFactory.java:476)
	at org.springframework.beans.factory.support.AbstractBeanFactory$1.getObject(AbstractBeanFactory.java:302)
	at org.springframework.beans.factory.support.DefaultSingletonBeanRegistry.getSingleton(DefaultSingletonBeanRegistry.java:229)
	at org.springframework.beans.factory.support.AbstractBeanFactory.doGetBean(AbstractBeanFactory.java:298)
	at org.springframework.beans.factory.support.AbstractBeanFactory.getBean(AbstractBeanFactory.java:193)
	at org.springframework.beans.factory.support.DefaultListableBeanFactory.findAutowireCandidates(DefaultListableBeanFactory.java:1127)
	at org.springframework.beans.factory.support.DefaultListableBeanFactory.doResolveDependency(DefaultListableBeanFactory.java:1051)
	at org.springframework.beans.factory.support.DefaultListableBeanFactory.resolveDependency(DefaultListableBeanFactory.java:949)
	at org.springframework.beans.factory.annotation.AutowiredAnnotationBeanPostProcessor$AutowiredFieldElement.inject(AutowiredAnnotationBeanPostProcessor.java:527)
	at org.springframework.beans.factory.annotation.InjectionMetadata.inject(InjectionMetadata.java:87)
	at org.springframework.beans.factory.annotation.AutowiredAnnotationBeanPostProcessor.postProcessPropertyValues(AutowiredAnnotationBeanPostProcessor.java:331)
	at org.springframework.beans.factory.support.AbstractAutowireCapableBeanFactory.populateBean(AbstractAutowireCapableBeanFactory.java:1204)
	at org.springframework.beans.factory.support.AbstractAutowireCapableBeanFactory.doCreateBean(AbstractAutowireCapableBeanFactory.java:538)
	at org.springframework.beans.factory.support.AbstractAutowireCapableBeanFactory.createBean(AbstractAutowireCapableBeanFactory.java:476)
	at org.springframework.beans.factory.support.AbstractBeanFactory$1.getObject(AbstractBeanFactory.java:302)
	at org.springframework.beans.factory.support.DefaultSingletonBeanRegistry.getSingleton(DefaultSingletonBeanRegistry.java:229)
	at org.springframework.beans.factory.support.AbstractBeanFactory.doGetBean(AbstractBeanFactory.java:298)
	at org.springframework.beans.factory.support.AbstractBeanFactory.getBean(AbstractBeanFactory.java:193)
	at org.springframework.beans.factory.support.DefaultListableBeanFactory.preInstantiateSingletons(DefaultListableBeanFactory.java:762)
	at org.springframework.context.support.AbstractApplicationContext.finishBeanFactoryInitialization(AbstractApplicationContext.java:757)
	at org.springframework.context.support.AbstractApplicationContext.refresh(AbstractApplicationContext.java:480)
	at org.springframework.context.support.ClassPathXmlApplicationContext.<init>(ClassPathXmlApplicationContext.java:139)
	at org.springframework.context.support.ClassPathXmlApplicationContext.<init>(ClassPathXmlApplicationContext.java:119)
	at com.IMaylatov.Recommend.Main.Main.main(Main.java:15)
2015-03-25 16:20:40 INFO  Dialect:135 - Using dialect: org.hibernate.dialect.HSQLDialect
2015-03-25 16:20:40 INFO  JdbcSupportLoader:70 - Disabling contextual LOB creation as connection was null
2015-03-25 16:20:40 INFO  TransactionFactoryFactory:65 - Transaction strategy: org.springframework.orm.hibernate3.SpringTransactionFactory
2015-03-25 16:20:40 INFO  TransactionManagerLookupFactory:83 - No TransactionManagerLookup configured (in JTA environment, use of read-write or transactional second-level cache is not recommended)
2015-03-25 16:20:40 INFO  SettingsFactory:179 - Automatic flush during beforeCompletion(): disabled
2015-03-25 16:20:40 INFO  SettingsFactory:183 - Automatic session close at end of transaction: disabled
2015-03-25 16:20:40 INFO  SettingsFactory:198 - Scrollable result sets: disabled
2015-03-25 16:20:40 INFO  SettingsFactory:206 - JDBC3 getGeneratedKeys(): disabled
2015-03-25 16:20:40 INFO  SettingsFactory:210 - JDBC result set fetch size: 50
2015-03-25 16:20:40 INFO  SettingsFactory:214 - Connection release mode: auto
2015-03-25 16:20:40 INFO  SettingsFactory:238 - Maximum outer join fetch depth: 3
2015-03-25 16:20:40 INFO  SettingsFactory:241 - Default batch fetch size: 1
2015-03-25 16:20:40 INFO  SettingsFactory:245 - Generate SQL with comments: disabled
2015-03-25 16:20:40 INFO  SettingsFactory:249 - Order SQL updates by primary key: disabled
2015-03-25 16:20:40 INFO  SettingsFactory:253 - Order SQL inserts for batching: disabled
2015-03-25 16:20:40 INFO  SettingsFactory:431 - Query translator: org.hibernate.hql.ast.ASTQueryTranslatorFactory
2015-03-25 16:20:40 INFO  ASTQueryTranslatorFactory:47 - Using ASTQueryTranslatorFactory
2015-03-25 16:20:40 INFO  SettingsFactory:261 - Query language substitutions: {}
2015-03-25 16:20:40 INFO  SettingsFactory:266 - JPA-QL strict compliance: disabled
2015-03-25 16:20:40 INFO  SettingsFactory:271 - Second-level cache: enabled
2015-03-25 16:20:40 INFO  SettingsFactory:275 - Query cache: disabled
2015-03-25 16:20:40 INFO  SettingsFactory:406 - Cache region factory : org.hibernate.cache.impl.NoCachingRegionFactory
2015-03-25 16:20:40 INFO  SettingsFactory:285 - Optimize cache for minimal puts: disabled
2015-03-25 16:20:40 INFO  SettingsFactory:294 - Structured second-level cache entries: disabled
2015-03-25 16:20:40 INFO  SettingsFactory:314 - Echoing all SQL to stdout
2015-03-25 16:20:40 INFO  SettingsFactory:323 - Statistics: disabled
2015-03-25 16:20:40 INFO  SettingsFactory:327 - Deleted entity synthetic identifier rollback: disabled
2015-03-25 16:20:40 INFO  SettingsFactory:343 - Default entity-mode: pojo
2015-03-25 16:20:40 INFO  SettingsFactory:347 - Named query checking : enabled
2015-03-25 16:20:40 INFO  SettingsFactory:351 - Check Nullability in Core (should be disabled when Bean Validation is on): enabled
2015-03-25 16:20:40 INFO  SessionFactoryImpl:202 - building session factory
2015-03-25 16:20:40 INFO  BasicTypeRegistry:150 - Type registration [wrapper_characters_clob] overrides previous : org.hibernate.type.CharacterArrayClobType@1c65121
2015-03-25 16:20:40 INFO  BasicTypeRegistry:150 - Type registration [materialized_clob] overrides previous : org.hibernate.type.MaterializedClobType@159e366
2015-03-25 16:20:40 INFO  BasicTypeRegistry:150 - Type registration [wrapper_materialized_blob] overrides previous : org.hibernate.type.WrappedMaterializedBlobType@57dc9128
2015-03-25 16:20:40 INFO  BasicTypeRegistry:150 - Type registration [blob] overrides previous : org.hibernate.type.BlobType@24528a25
2015-03-25 16:20:40 INFO  BasicTypeRegistry:150 - Type registration [java.sql.Blob] overrides previous : org.hibernate.type.BlobType@24528a25
2015-03-25 16:20:40 INFO  BasicTypeRegistry:150 - Type registration [materialized_blob] overrides previous : org.hibernate.type.MaterializedBlobType@17ae98d7
2015-03-25 16:20:40 INFO  BasicTypeRegistry:150 - Type registration [characters_clob] overrides previous : org.hibernate.type.PrimitiveCharacterArrayClobType@59221b97
2015-03-25 16:20:40 INFO  BasicTypeRegistry:150 - Type registration [clob] overrides previous : org.hibernate.type.ClobType@6ac4944a
2015-03-25 16:20:40 INFO  BasicTypeRegistry:150 - Type registration [java.sql.Clob] overrides previous : org.hibernate.type.ClobType@6ac4944a
2015-03-25 16:20:41 INFO  SessionFactoryObjectFactory:105 - Not binding factory to JNDI, no JNDI name configured
2015-03-25 16:20:41 INFO  HibernateTransactionManager:418 - Using DataSource [org.springframework.jdbc.datasource.DriverManagerDataSource@67a056f1] of Hibernate SessionFactory for HibernateTransactionManager
2015-03-25 16:20:41 WARN  JDBCExceptionReporter:233 - SQL Error: -78, SQLState: S1000
2015-03-25 16:20:41 ERROR JDBCExceptionReporter:234 - error in script file line: 1 Unexpected token UNIQUE, requires COLLATION in statement [SET DATABASE UNIQUE]
2015-03-25 16:20:41 WARN  JDBCExceptionReporter:233 - SQL Error: -78, SQLState: S1000
2015-03-25 16:20:41 ERROR JDBCExceptionReporter:234 - error in script file line: 1 Unexpected token UNIQUE, requires COLLATION in statement [SET DATABASE UNIQUE]
2015-03-25 16:23:08 INFO  ClassPathXmlApplicationContext:510 - Refreshing org.springframework.context.support.ClassPathXmlApplicationContext@76707e36: startup date [Wed Mar 25 16:23:08 BRT 2015]; root of context hierarchy
2015-03-25 16:23:08 INFO  XmlBeanDefinitionReader:317 - Loading XML bean definitions from class path resource [app-contextTest.xml]
2015-03-25 16:23:10 INFO  DriverManagerDataSource:133 - Loaded JDBC driver: org.hsqldb.jdbcDriver
2015-03-25 16:23:10 INFO  Version:37 - Hibernate Commons Annotations 3.2.0.Final
2015-03-25 16:23:10 INFO  Environment:603 - Hibernate 3.6.9.Final
2015-03-25 16:23:10 INFO  Environment:636 - hibernate.properties not found
2015-03-25 16:23:10 INFO  Environment:814 - Bytecode provider name : javassist
2015-03-25 16:23:10 INFO  Environment:695 - using JDK 1.4 java.sql.Timestamp handling
2015-03-25 16:23:10 INFO  AnnotationBinder:532 - Binding entity from annotated class: com.IMaylatov.Recommend.Entity.Person
2015-03-25 16:23:10 INFO  EntityBinder:530 - Bind entity com.IMaylatov.Recommend.Entity.Person on table Person
2015-03-25 16:23:11 INFO  AnnotationBinder:532 - Binding entity from annotated class: com.IMaylatov.Recommend.Entity.Rate
2015-03-25 16:23:11 INFO  EntityBinder:530 - Bind entity com.IMaylatov.Recommend.Entity.Rate on table Rate
2015-03-25 16:23:11 INFO  AnnotationBinder:532 - Binding entity from annotated class: com.IMaylatov.Recommend.Entity.Song
2015-03-25 16:23:11 INFO  EntityBinder:530 - Bind entity com.IMaylatov.Recommend.Entity.Song on table Song
2015-03-25 16:23:11 INFO  CollectionBinder:762 - Mapping collection: com.IMaylatov.Recommend.Entity.Song.rateList -> Rate
2015-03-25 16:23:11 INFO  CollectionBinder:762 - Mapping collection: com.IMaylatov.Recommend.Entity.Person.rateList -> Rate
2015-03-25 16:23:11 INFO  Configuration:1676 - Hibernate Validator not found: ignoring
2015-03-25 16:23:11 INFO  AnnotationSessionFactoryBean:713 - Building new Hibernate SessionFactory
2015-03-25 16:23:11 INFO  HibernateSearchEventListenerRegister:75 - Unable to find org.hibernate.search.event.FullTextIndexEventListener on the classpath. Hibernate Search is not enabled.
2015-03-25 16:23:11 INFO  ConnectionProviderFactory:173 - Initializing connection provider: org.springframework.orm.hibernate3.LocalDataSourceConnectionProvider
2015-03-25 16:23:11 WARN  JDBCExceptionReporter:233 - SQL Error: -78, SQLState: S1000
2015-03-25 16:23:11 ERROR JDBCExceptionReporter:234 - error in script file line: 1 Unexpected token UNIQUE, requires COLLATION in statement [SET DATABASE UNIQUE]
2015-03-25 16:23:11 WARN  SettingsFactory:147 - Could not obtain connection to query metadata
java.sql.SQLException: error in script file line: 1 Unexpected token UNIQUE, requires COLLATION in statement [SET DATABASE UNIQUE]
	at org.hsqldb.jdbc.Util.sqlException(Unknown Source)
	at org.hsqldb.jdbc.jdbcConnection.<init>(Unknown Source)
	at org.hsqldb.jdbcDriver.getConnection(Unknown Source)
	at org.hsqldb.jdbcDriver.connect(Unknown Source)
	at java.sql.DriverManager.getConnection(DriverManager.java:664)
	at java.sql.DriverManager.getConnection(DriverManager.java:208)
	at org.springframework.jdbc.datasource.DriverManagerDataSource.getConnectionFromDriverManager(DriverManagerDataSource.java:153)
	at org.springframework.jdbc.datasource.DriverManagerDataSource.getConnectionFromDriver(DriverManagerDataSource.java:144)
	at org.springframework.jdbc.datasource.AbstractDriverBasedDataSource.getConnectionFromDriver(AbstractDriverBasedDataSource.java:155)
	at org.springframework.jdbc.datasource.AbstractDriverBasedDataSource.getConnection(AbstractDriverBasedDataSource.java:120)
	at org.springframework.orm.hibernate3.LocalDataSourceConnectionProvider.getConnection(LocalDataSourceConnectionProvider.java:85)
	at org.hibernate.cfg.SettingsFactory.buildSettings(SettingsFactory.java:113)
	at org.hibernate.cfg.Configuration.buildSettingsInternal(Configuration.java:2863)
	at org.hibernate.cfg.Configuration.buildSettings(Configuration.java:2859)
	at org.hibernate.cfg.Configuration.buildSessionFactory(Configuration.java:1870)
	at org.springframework.orm.hibernate3.LocalSessionFactoryBean.newSessionFactory(LocalSessionFactoryBean.java:793)
	at org.springframework.orm.hibernate3.LocalSessionFactoryBean.buildSessionFactory(LocalSessionFactoryBean.java:715)
	at org.springframework.orm.hibernate3.AbstractSessionFactoryBean.afterPropertiesSet(AbstractSessionFactoryBean.java:189)
	at org.springframework.beans.factory.support.AbstractAutowireCapableBeanFactory.invokeInitMethods(AbstractAutowireCapableBeanFactory.java:1627)
	at org.springframework.beans.factory.support.AbstractAutowireCapableBeanFactory.initializeBean(AbstractAutowireCapableBeanFactory.java:1564)
	at org.springframework.beans.factory.support.AbstractAutowireCapableBeanFactory.doCreateBean(AbstractAutowireCapableBeanFactory.java:540)
	at org.springframework.beans.factory.support.AbstractAutowireCapableBeanFactory.createBean(AbstractAutowireCapableBeanFactory.java:476)
	at org.springframework.beans.factory.support.AbstractBeanFactory$1.getObject(AbstractBeanFactory.java:302)
	at org.springframework.beans.factory.support.DefaultSingletonBeanRegistry.getSingleton(DefaultSingletonBeanRegistry.java:229)
	at org.springframework.beans.factory.support.AbstractBeanFactory.doGetBean(AbstractBeanFactory.java:298)
	at org.springframework.beans.factory.support.AbstractBeanFactory.getBean(AbstractBeanFactory.java:193)
	at org.springframework.beans.factory.support.DefaultListableBeanFactory.findAutowireCandidates(DefaultListableBeanFactory.java:1127)
	at org.springframework.beans.factory.support.DefaultListableBeanFactory.doResolveDependency(DefaultListableBeanFactory.java:1051)
	at org.springframework.beans.factory.support.DefaultListableBeanFactory.resolveDependency(DefaultListableBeanFactory.java:949)
	at org.springframework.beans.factory.annotation.AutowiredAnnotationBeanPostProcessor$AutowiredFieldElement.inject(AutowiredAnnotationBeanPostProcessor.java:527)
	at org.springframework.beans.factory.annotation.InjectionMetadata.inject(InjectionMetadata.java:87)
	at org.springframework.beans.factory.annotation.AutowiredAnnotationBeanPostProcessor.postProcessPropertyValues(AutowiredAnnotationBeanPostProcessor.java:331)
	at org.springframework.beans.factory.support.AbstractAutowireCapableBeanFactory.populateBean(AbstractAutowireCapableBeanFactory.java:1204)
	at org.springframework.beans.factory.support.AbstractAutowireCapableBeanFactory.doCreateBean(AbstractAutowireCapableBeanFactory.java:538)
	at org.springframework.beans.factory.support.AbstractAutowireCapableBeanFactory.createBean(AbstractAutowireCapableBeanFactory.java:476)
	at org.springframework.beans.factory.support.AbstractBeanFactory$1.getObject(AbstractBeanFactory.java:302)
	at org.springframework.beans.factory.support.DefaultSingletonBeanRegistry.getSingleton(DefaultSingletonBeanRegistry.java:229)
	at org.springframework.beans.factory.support.AbstractBeanFactory.doGetBean(AbstractBeanFactory.java:298)
	at org.springframework.beans.factory.support.AbstractBeanFactory.getBean(AbstractBeanFactory.java:193)
	at org.springframework.beans.factory.support.DefaultListableBeanFactory.preInstantiateSingletons(DefaultListableBeanFactory.java:762)
	at org.springframework.context.support.AbstractApplicationContext.finishBeanFactoryInitialization(AbstractApplicationContext.java:757)
	at org.springframework.context.support.AbstractApplicationContext.refresh(AbstractApplicationContext.java:480)
	at org.springframework.context.support.ClassPathXmlApplicationContext.<init>(ClassPathXmlApplicationContext.java:139)
	at org.springframework.context.support.ClassPathXmlApplicationContext.<init>(ClassPathXmlApplicationContext.java:119)
	at com.IMaylatov.Recommend.Main.Main.main(Main.java:15)
2015-03-25 16:23:11 INFO  Dialect:135 - Using dialect: org.hibernate.dialect.HSQLDialect
2015-03-25 16:23:11 INFO  JdbcSupportLoader:70 - Disabling contextual LOB creation as connection was null
2015-03-25 16:23:11 INFO  TransactionFactoryFactory:65 - Transaction strategy: org.springframework.orm.hibernate3.SpringTransactionFactory
2015-03-25 16:23:11 INFO  TransactionManagerLookupFactory:83 - No TransactionManagerLookup configured (in JTA environment, use of read-write or transactional second-level cache is not recommended)
2015-03-25 16:23:11 INFO  SettingsFactory:179 - Automatic flush during beforeCompletion(): disabled
2015-03-25 16:23:11 INFO  SettingsFactory:183 - Automatic session close at end of transaction: disabled
2015-03-25 16:23:11 INFO  SettingsFactory:198 - Scrollable result sets: disabled
2015-03-25 16:23:11 INFO  SettingsFactory:206 - JDBC3 getGeneratedKeys(): disabled
2015-03-25 16:23:11 INFO  SettingsFactory:210 - JDBC result set fetch size: 50
2015-03-25 16:23:11 INFO  SettingsFactory:214 - Connection release mode: auto
2015-03-25 16:23:11 INFO  SettingsFactory:238 - Maximum outer join fetch depth: 3
2015-03-25 16:23:11 INFO  SettingsFactory:241 - Default batch fetch size: 1
2015-03-25 16:23:11 INFO  SettingsFactory:245 - Generate SQL with comments: disabled
2015-03-25 16:23:11 INFO  SettingsFactory:249 - Order SQL updates by primary key: disabled
2015-03-25 16:23:11 INFO  SettingsFactory:253 - Order SQL inserts for batching: disabled
2015-03-25 16:23:11 INFO  SettingsFactory:431 - Query translator: org.hibernate.hql.ast.ASTQueryTranslatorFactory
2015-03-25 16:23:11 INFO  ASTQueryTranslatorFactory:47 - Using ASTQueryTranslatorFactory
2015-03-25 16:23:11 INFO  SettingsFactory:261 - Query language substitutions: {}
2015-03-25 16:23:11 INFO  SettingsFactory:266 - JPA-QL strict compliance: disabled
2015-03-25 16:23:11 INFO  SettingsFactory:271 - Second-level cache: enabled
2015-03-25 16:23:11 INFO  SettingsFactory:275 - Query cache: disabled
2015-03-25 16:23:11 INFO  SettingsFactory:406 - Cache region factory : org.hibernate.cache.impl.NoCachingRegionFactory
2015-03-25 16:23:11 INFO  SettingsFactory:285 - Optimize cache for minimal puts: disabled
2015-03-25 16:23:11 INFO  SettingsFactory:294 - Structured second-level cache entries: disabled
2015-03-25 16:23:11 INFO  SettingsFactory:314 - Echoing all SQL to stdout
2015-03-25 16:23:11 INFO  SettingsFactory:323 - Statistics: disabled
2015-03-25 16:23:11 INFO  SettingsFactory:327 - Deleted entity synthetic identifier rollback: disabled
2015-03-25 16:23:11 INFO  SettingsFactory:343 - Default entity-mode: pojo
2015-03-25 16:23:11 INFO  SettingsFactory:347 - Named query checking : enabled
2015-03-25 16:23:11 INFO  SettingsFactory:351 - Check Nullability in Core (should be disabled when Bean Validation is on): enabled
2015-03-25 16:23:11 INFO  SessionFactoryImpl:202 - building session factory
2015-03-25 16:23:11 INFO  BasicTypeRegistry:150 - Type registration [wrapper_characters_clob] overrides previous : org.hibernate.type.CharacterArrayClobType@1c65121
2015-03-25 16:23:11 INFO  BasicTypeRegistry:150 - Type registration [materialized_clob] overrides previous : org.hibernate.type.MaterializedClobType@159e366
2015-03-25 16:23:11 INFO  BasicTypeRegistry:150 - Type registration [wrapper_materialized_blob] overrides previous : org.hibernate.type.WrappedMaterializedBlobType@57dc9128
2015-03-25 16:23:11 INFO  BasicTypeRegistry:150 - Type registration [blob] overrides previous : org.hibernate.type.BlobType@24528a25
2015-03-25 16:23:11 INFO  BasicTypeRegistry:150 - Type registration [java.sql.Blob] overrides previous : org.hibernate.type.BlobType@24528a25
2015-03-25 16:23:11 INFO  BasicTypeRegistry:150 - Type registration [materialized_blob] overrides previous : org.hibernate.type.MaterializedBlobType@17ae98d7
2015-03-25 16:23:11 INFO  BasicTypeRegistry:150 - Type registration [characters_clob] overrides previous : org.hibernate.type.PrimitiveCharacterArrayClobType@59221b97
2015-03-25 16:23:11 INFO  BasicTypeRegistry:150 - Type registration [clob] overrides previous : org.hibernate.type.ClobType@6ac4944a
2015-03-25 16:23:11 INFO  BasicTypeRegistry:150 - Type registration [java.sql.Clob] overrides previous : org.hibernate.type.ClobType@6ac4944a
2015-03-25 16:23:11 INFO  SessionFactoryObjectFactory:105 - Not binding factory to JNDI, no JNDI name configured
2015-03-25 16:23:12 INFO  HibernateTransactionManager:418 - Using DataSource [org.springframework.jdbc.datasource.DriverManagerDataSource@67a056f1] of Hibernate SessionFactory for HibernateTransactionManager
2015-03-25 16:23:12 WARN  JDBCExceptionReporter:233 - SQL Error: -78, SQLState: S1000
2015-03-25 16:23:12 ERROR JDBCExceptionReporter:234 - error in script file line: 1 Unexpected token UNIQUE, requires COLLATION in statement [SET DATABASE UNIQUE]
2015-03-25 16:23:12 WARN  JDBCExceptionReporter:233 - SQL Error: -78, SQLState: S1000
2015-03-25 16:23:12 ERROR JDBCExceptionReporter:234 - error in script file line: 1 Unexpected token UNIQUE, requires COLLATION in statement [SET DATABASE UNIQUE]
2015-03-25 16:26:02 INFO  ClassPathXmlApplicationContext:510 - Refreshing org.springframework.context.support.ClassPathXmlApplicationContext@cd2dae5: startup date [Wed Mar 25 16:26:02 BRT 2015]; root of context hierarchy
2015-03-25 16:26:02 INFO  XmlBeanDefinitionReader:317 - Loading XML bean definitions from class path resource [app-contextTest.xml]
2015-03-25 16:26:03 INFO  DriverManagerDataSource:133 - Loaded JDBC driver: org.hsqldb.jdbcDriver
2015-03-25 16:26:03 INFO  Environment:514 - Hibernate 3.2.6
2015-03-25 16:26:03 INFO  Environment:547 - hibernate.properties not found
2015-03-25 16:26:03 INFO  Environment:681 - Bytecode provider name : cglib
2015-03-25 16:26:03 INFO  Environment:598 - using JDK 1.4 java.sql.Timestamp handling
2015-03-25 16:26:04 WARN  ClassPathXmlApplicationContext:487 - Exception encountered during context initialization - cancelling refresh attempt
org.springframework.beans.factory.BeanCreationException: Error creating bean with name 'PersonDAO': Injection of autowired dependencies failed; nested exception is org.springframework.beans.factory.BeanCreationException: Could not autowire field: private org.hibernate.SessionFactory com.IMaylatov.Recommend.DAO.Generic.GenericDAOImpl.sessionFactory; nested exception is org.springframework.beans.factory.BeanCreationException: Error creating bean with name 'sessionFactory' defined in class path resource [app-contextTest.xml]: Invocation of init method failed; nested exception is java.lang.NoSuchMethodError: org.hibernate.cfg.Configuration.addAnnotatedClass(Ljava/lang/Class;)Lorg/hibernate/cfg/Configuration;
	at org.springframework.beans.factory.annotation.AutowiredAnnotationBeanPostProcessor.postProcessPropertyValues(AutowiredAnnotationBeanPostProcessor.java:334)
	at org.springframework.beans.factory.support.AbstractAutowireCapableBeanFactory.populateBean(AbstractAutowireCapableBeanFactory.java:1204)
	at org.springframework.beans.factory.support.AbstractAutowireCapableBeanFactory.doCreateBean(AbstractAutowireCapableBeanFactory.java:538)
	at org.springframework.beans.factory.support.AbstractAutowireCapableBeanFactory.createBean(AbstractAutowireCapableBeanFactory.java:476)
	at org.springframework.beans.factory.support.AbstractBeanFactory$1.getObject(AbstractBeanFactory.java:302)
	at org.springframework.beans.factory.support.DefaultSingletonBeanRegistry.getSingleton(DefaultSingletonBeanRegistry.java:229)
	at org.springframework.beans.factory.support.AbstractBeanFactory.doGetBean(AbstractBeanFactory.java:298)
	at org.springframework.beans.factory.support.AbstractBeanFactory.getBean(AbstractBeanFactory.java:193)
	at org.springframework.beans.factory.support.DefaultListableBeanFactory.preInstantiateSingletons(DefaultListableBeanFactory.java:762)
	at org.springframework.context.support.AbstractApplicationContext.finishBeanFactoryInitialization(AbstractApplicationContext.java:757)
	at org.springframework.context.support.AbstractApplicationContext.refresh(AbstractApplicationContext.java:480)
	at org.springframework.context.support.ClassPathXmlApplicationContext.<init>(ClassPathXmlApplicationContext.java:139)
	at org.springframework.context.support.ClassPathXmlApplicationContext.<init>(ClassPathXmlApplicationContext.java:119)
	at com.IMaylatov.Recommend.Main.Main.main(Main.java:15)
Caused by: org.springframework.beans.factory.BeanCreationException: Could not autowire field: private org.hibernate.SessionFactory com.IMaylatov.Recommend.DAO.Generic.GenericDAOImpl.sessionFactory; nested exception is org.springframework.beans.factory.BeanCreationException: Error creating bean with name 'sessionFactory' defined in class path resource [app-contextTest.xml]: Invocation of init method failed; nested exception is java.lang.NoSuchMethodError: org.hibernate.cfg.Configuration.addAnnotatedClass(Ljava/lang/Class;)Lorg/hibernate/cfg/Configuration;
	at org.springframework.beans.factory.annotation.AutowiredAnnotationBeanPostProcessor$AutowiredFieldElement.inject(AutowiredAnnotationBeanPostProcessor.java:555)
	at org.springframework.beans.factory.annotation.InjectionMetadata.inject(InjectionMetadata.java:87)
	at org.springframework.beans.factory.annotation.AutowiredAnnotationBeanPostProcessor.postProcessPropertyValues(AutowiredAnnotationBeanPostProcessor.java:331)
	... 13 more
Caused by: org.springframework.beans.factory.BeanCreationException: Error creating bean with name 'sessionFactory' defined in class path resource [app-contextTest.xml]: Invocation of init method failed; nested exception is java.lang.NoSuchMethodError: org.hibernate.cfg.Configuration.addAnnotatedClass(Ljava/lang/Class;)Lorg/hibernate/cfg/Configuration;
	at org.springframework.beans.factory.support.AbstractAutowireCapableBeanFactory.initializeBean(AbstractAutowireCapableBeanFactory.java:1568)
	at org.springframework.beans.factory.support.AbstractAutowireCapableBeanFactory.doCreateBean(AbstractAutowireCapableBeanFactory.java:540)
	at org.springframework.beans.factory.support.AbstractAutowireCapableBeanFactory.createBean(AbstractAutowireCapableBeanFactory.java:476)
	at org.springframework.beans.factory.support.AbstractBeanFactory$1.getObject(AbstractBeanFactory.java:302)
	at org.springframework.beans.factory.support.DefaultSingletonBeanRegistry.getSingleton(DefaultSingletonBeanRegistry.java:229)
	at org.springframework.beans.factory.support.AbstractBeanFactory.doGetBean(AbstractBeanFactory.java:298)
	at org.springframework.beans.factory.support.AbstractBeanFactory.getBean(AbstractBeanFactory.java:193)
	at org.springframework.beans.factory.support.DefaultListableBeanFactory.findAutowireCandidates(DefaultListableBeanFactory.java:1127)
	at org.springframework.beans.factory.support.DefaultListableBeanFactory.doResolveDependency(DefaultListableBeanFactory.java:1051)
	at org.springframework.beans.factory.support.DefaultListableBeanFactory.resolveDependency(DefaultListableBeanFactory.java:949)
	at org.springframework.beans.factory.annotation.AutowiredAnnotationBeanPostProcessor$AutowiredFieldElement.inject(AutowiredAnnotationBeanPostProcessor.java:527)
	... 15 more
Caused by: java.lang.NoSuchMethodError: org.hibernate.cfg.Configuration.addAnnotatedClass(Ljava/lang/Class;)Lorg/hibernate/cfg/Configuration;
	at org.springframework.orm.hibernate3.annotation.AnnotationSessionFactoryBean.scanPackages(AnnotationSessionFactoryBean.java:199)
	at org.springframework.orm.hibernate3.annotation.AnnotationSessionFactoryBean.postProcessMappings(AnnotationSessionFactoryBean.java:163)
	at org.springframework.orm.hibernate3.LocalSessionFactoryBean.buildSessionFactory(LocalSessionFactoryBean.java:657)
	at org.springframework.orm.hibernate3.AbstractSessionFactoryBean.afterPropertiesSet(AbstractSessionFactoryBean.java:189)
	at org.springframework.beans.factory.support.AbstractAutowireCapableBeanFactory.invokeInitMethods(AbstractAutowireCapableBeanFactory.java:1627)
	at org.springframework.beans.factory.support.AbstractAutowireCapableBeanFactory.initializeBean(AbstractAutowireCapableBeanFactory.java:1564)
	... 25 more
2015-03-25 17:50:17 INFO  ClassPathXmlApplicationContext:510 - Refreshing org.springframework.context.support.ClassPathXmlApplicationContext@26aa12dd: startup date [Wed Mar 25 17:50:17 BRT 2015]; root of context hierarchy
2015-03-25 17:50:17 INFO  XmlBeanDefinitionReader:317 - Loading XML bean definitions from class path resource [app-contextTest.xml]
2015-03-25 17:50:19 INFO  DriverManagerDataSource:133 - Loaded JDBC driver: org.hsqldb.jdbcDriver
2015-03-25 17:50:19 INFO  Environment:500 - Hibernate 3.2.1
2015-03-25 17:50:19 INFO  Environment:533 - hibernate.properties not found
2015-03-25 17:50:19 INFO  Environment:667 - Bytecode provider name : cglib
2015-03-25 17:50:19 INFO  Environment:584 - using JDK 1.4 java.sql.Timestamp handling
2015-03-25 17:50:20 WARN  ClassPathXmlApplicationContext:487 - Exception encountered during context initialization - cancelling refresh attempt
org.springframework.beans.factory.BeanCreationException: Error creating bean with name 'PersonDAO': Injection of autowired dependencies failed; nested exception is org.springframework.beans.factory.BeanCreationException: Could not autowire field: private org.hibernate.SessionFactory com.IMaylatov.Recommend.DAO.Generic.GenericDAOImpl.sessionFactory; nested exception is org.springframework.beans.factory.BeanCreationException: Error creating bean with name 'sessionFactory' defined in class path resource [app-contextTest.xml]: Invocation of init method failed; nested exception is java.lang.NoSuchMethodError: org.hibernate.cfg.Configuration.addAnnotatedClass(Ljava/lang/Class;)Lorg/hibernate/cfg/Configuration;
	at org.springframework.beans.factory.annotation.AutowiredAnnotationBeanPostProcessor.postProcessPropertyValues(AutowiredAnnotationBeanPostProcessor.java:334)
	at org.springframework.beans.factory.support.AbstractAutowireCapableBeanFactory.populateBean(AbstractAutowireCapableBeanFactory.java:1204)
	at org.springframework.beans.factory.support.AbstractAutowireCapableBeanFactory.doCreateBean(AbstractAutowireCapableBeanFactory.java:538)
	at org.springframework.beans.factory.support.AbstractAutowireCapableBeanFactory.createBean(AbstractAutowireCapableBeanFactory.java:476)
	at org.springframework.beans.factory.support.AbstractBeanFactory$1.getObject(AbstractBeanFactory.java:302)
	at org.springframework.beans.factory.support.DefaultSingletonBeanRegistry.getSingleton(DefaultSingletonBeanRegistry.java:229)
	at org.springframework.beans.factory.support.AbstractBeanFactory.doGetBean(AbstractBeanFactory.java:298)
	at org.springframework.beans.factory.support.AbstractBeanFactory.getBean(AbstractBeanFactory.java:193)
	at org.springframework.beans.factory.support.DefaultListableBeanFactory.preInstantiateSingletons(DefaultListableBeanFactory.java:762)
	at org.springframework.context.support.AbstractApplicationContext.finishBeanFactoryInitialization(AbstractApplicationContext.java:757)
	at org.springframework.context.support.AbstractApplicationContext.refresh(AbstractApplicationContext.java:480)
	at org.springframework.context.support.ClassPathXmlApplicationContext.<init>(ClassPathXmlApplicationContext.java:139)
	at org.springframework.context.support.ClassPathXmlApplicationContext.<init>(ClassPathXmlApplicationContext.java:119)
	at com.IMaylatov.Recommend.Main.Main.main(Main.java:15)
Caused by: org.springframework.beans.factory.BeanCreationException: Could not autowire field: private org.hibernate.SessionFactory com.IMaylatov.Recommend.DAO.Generic.GenericDAOImpl.sessionFactory; nested exception is org.springframework.beans.factory.BeanCreationException: Error creating bean with name 'sessionFactory' defined in class path resource [app-contextTest.xml]: Invocation of init method failed; nested exception is java.lang.NoSuchMethodError: org.hibernate.cfg.Configuration.addAnnotatedClass(Ljava/lang/Class;)Lorg/hibernate/cfg/Configuration;
	at org.springframework.beans.factory.annotation.AutowiredAnnotationBeanPostProcessor$AutowiredFieldElement.inject(AutowiredAnnotationBeanPostProcessor.java:555)
	at org.springframework.beans.factory.annotation.InjectionMetadata.inject(InjectionMetadata.java:87)
	at org.springframework.beans.factory.annotation.AutowiredAnnotationBeanPostProcessor.postProcessPropertyValues(AutowiredAnnotationBeanPostProcessor.java:331)
	... 13 more
Caused by: org.springframework.beans.factory.BeanCreationException: Error creating bean with name 'sessionFactory' defined in class path resource [app-contextTest.xml]: Invocation of init method failed; nested exception is java.lang.NoSuchMethodError: org.hibernate.cfg.Configuration.addAnnotatedClass(Ljava/lang/Class;)Lorg/hibernate/cfg/Configuration;
	at org.springframework.beans.factory.support.AbstractAutowireCapableBeanFactory.initializeBean(AbstractAutowireCapableBeanFactory.java:1568)
	at org.springframework.beans.factory.support.AbstractAutowireCapableBeanFactory.doCreateBean(AbstractAutowireCapableBeanFactory.java:540)
	at org.springframework.beans.factory.support.AbstractAutowireCapableBeanFactory.createBean(AbstractAutowireCapableBeanFactory.java:476)
	at org.springframework.beans.factory.support.AbstractBeanFactory$1.getObject(AbstractBeanFactory.java:302)
	at org.springframework.beans.factory.support.DefaultSingletonBeanRegistry.getSingleton(DefaultSingletonBeanRegistry.java:229)
	at org.springframework.beans.factory.support.AbstractBeanFactory.doGetBean(AbstractBeanFactory.java:298)
	at org.springframework.beans.factory.support.AbstractBeanFactory.getBean(AbstractBeanFactory.java:193)
	at org.springframework.beans.factory.support.DefaultListableBeanFactory.findAutowireCandidates(DefaultListableBeanFactory.java:1127)
	at org.springframework.beans.factory.support.DefaultListableBeanFactory.doResolveDependency(DefaultListableBeanFactory.java:1051)
	at org.springframework.beans.factory.support.DefaultListableBeanFactory.resolveDependency(DefaultListableBeanFactory.java:949)
	at org.springframework.beans.factory.annotation.AutowiredAnnotationBeanPostProcessor$AutowiredFieldElement.inject(AutowiredAnnotationBeanPostProcessor.java:527)
	... 15 more
Caused by: java.lang.NoSuchMethodError: org.hibernate.cfg.Configuration.addAnnotatedClass(Ljava/lang/Class;)Lorg/hibernate/cfg/Configuration;
	at org.springframework.orm.hibernate3.annotation.AnnotationSessionFactoryBean.scanPackages(AnnotationSessionFactoryBean.java:199)
	at org.springframework.orm.hibernate3.annotation.AnnotationSessionFactoryBean.postProcessMappings(AnnotationSessionFactoryBean.java:163)
	at org.springframework.orm.hibernate3.LocalSessionFactoryBean.buildSessionFactory(LocalSessionFactoryBean.java:657)
	at org.springframework.orm.hibernate3.AbstractSessionFactoryBean.afterPropertiesSet(AbstractSessionFactoryBean.java:189)
	at org.springframework.beans.factory.support.AbstractAutowireCapableBeanFactory.invokeInitMethods(AbstractAutowireCapableBeanFactory.java:1627)
	at org.springframework.beans.factory.support.AbstractAutowireCapableBeanFactory.initializeBean(AbstractAutowireCapableBeanFactory.java:1564)
	... 25 more
2015-03-25 18:21:10 INFO  ClassPathXmlApplicationContext:510 - Refreshing org.springframework.context.support.ClassPathXmlApplicationContext@72b6cbcc: startup date [Wed Mar 25 18:21:10 BRT 2015]; root of context hierarchy
2015-03-25 18:21:11 INFO  XmlBeanDefinitionReader:317 - Loading XML bean definitions from class path resource [app-context.xml]
2015-03-25 18:21:12 INFO  DriverManagerDataSource:133 - Loaded JDBC driver: org.postgresql.Driver
2015-03-25 18:21:12 INFO  Environment:500 - Hibernate 3.2.1
2015-03-25 18:21:12 INFO  Environment:533 - hibernate.properties not found
2015-03-25 18:21:12 INFO  Environment:667 - Bytecode provider name : cglib
2015-03-25 18:21:12 INFO  Environment:584 - using JDK 1.4 java.sql.Timestamp handling
2015-03-25 18:21:12 WARN  ClassPathXmlApplicationContext:487 - Exception encountered during context initialization - cancelling refresh attempt
org.springframework.beans.factory.BeanCreationException: Error creating bean with name 'PersonDAO': Injection of autowired dependencies failed; nested exception is org.springframework.beans.factory.BeanCreationException: Could not autowire field: private org.hibernate.SessionFactory com.IMaylatov.Recommend.DAO.Generic.GenericDAOImpl.sessionFactory; nested exception is org.springframework.beans.factory.BeanCreationException: Error creating bean with name 'sessionFactory' defined in class path resource [app-context.xml]: Invocation of init method failed; nested exception is java.lang.NoSuchMethodError: org.hibernate.cfg.Configuration.addAnnotatedClass(Ljava/lang/Class;)Lorg/hibernate/cfg/Configuration;
	at org.springframework.beans.factory.annotation.AutowiredAnnotationBeanPostProcessor.postProcessPropertyValues(AutowiredAnnotationBeanPostProcessor.java:334)
	at org.springframework.beans.factory.support.AbstractAutowireCapableBeanFactory.populateBean(AbstractAutowireCapableBeanFactory.java:1204)
	at org.springframework.beans.factory.support.AbstractAutowireCapableBeanFactory.doCreateBean(AbstractAutowireCapableBeanFactory.java:538)
	at org.springframework.beans.factory.support.AbstractAutowireCapableBeanFactory.createBean(AbstractAutowireCapableBeanFactory.java:476)
	at org.springframework.beans.factory.support.AbstractBeanFactory$1.getObject(AbstractBeanFactory.java:302)
	at org.springframework.beans.factory.support.DefaultSingletonBeanRegistry.getSingleton(DefaultSingletonBeanRegistry.java:229)
	at org.springframework.beans.factory.support.AbstractBeanFactory.doGetBean(AbstractBeanFactory.java:298)
	at org.springframework.beans.factory.support.AbstractBeanFactory.getBean(AbstractBeanFactory.java:193)
	at org.springframework.beans.factory.support.DefaultListableBeanFactory.preInstantiateSingletons(DefaultListableBeanFactory.java:762)
	at org.springframework.context.support.AbstractApplicationContext.finishBeanFactoryInitialization(AbstractApplicationContext.java:757)
	at org.springframework.context.support.AbstractApplicationContext.refresh(AbstractApplicationContext.java:480)
	at org.springframework.context.support.ClassPathXmlApplicationContext.<init>(ClassPathXmlApplicationContext.java:139)
	at org.springframework.context.support.ClassPathXmlApplicationContext.<init>(ClassPathXmlApplicationContext.java:119)
	at com.IMaylatov.Recommend.DbContext.<init>(DbContext.java:14)
	at com.IMaylatov.Recommend.DbContext.<clinit>(DbContext.java:12)
	at com.IMaylatov.Recommend.Main.Main.main(Main.java:14)
Caused by: org.springframework.beans.factory.BeanCreationException: Could not autowire field: private org.hibernate.SessionFactory com.IMaylatov.Recommend.DAO.Generic.GenericDAOImpl.sessionFactory; nested exception is org.springframework.beans.factory.BeanCreationException: Error creating bean with name 'sessionFactory' defined in class path resource [app-context.xml]: Invocation of init method failed; nested exception is java.lang.NoSuchMethodError: org.hibernate.cfg.Configuration.addAnnotatedClass(Ljava/lang/Class;)Lorg/hibernate/cfg/Configuration;
	at org.springframework.beans.factory.annotation.AutowiredAnnotationBeanPostProcessor$AutowiredFieldElement.inject(AutowiredAnnotationBeanPostProcessor.java:555)
	at org.springframework.beans.factory.annotation.InjectionMetadata.inject(InjectionMetadata.java:87)
	at org.springframework.beans.factory.annotation.AutowiredAnnotationBeanPostProcessor.postProcessPropertyValues(AutowiredAnnotationBeanPostProcessor.java:331)
	... 15 more
Caused by: org.springframework.beans.factory.BeanCreationException: Error creating bean with name 'sessionFactory' defined in class path resource [app-context.xml]: Invocation of init method failed; nested exception is java.lang.NoSuchMethodError: org.hibernate.cfg.Configuration.addAnnotatedClass(Ljava/lang/Class;)Lorg/hibernate/cfg/Configuration;
	at org.springframework.beans.factory.support.AbstractAutowireCapableBeanFactory.initializeBean(AbstractAutowireCapableBeanFactory.java:1568)
	at org.springframework.beans.factory.support.AbstractAutowireCapableBeanFactory.doCreateBean(AbstractAutowireCapableBeanFactory.java:540)
	at org.springframework.beans.factory.support.AbstractAutowireCapableBeanFactory.createBean(AbstractAutowireCapableBeanFactory.java:476)
	at org.springframework.beans.factory.support.AbstractBeanFactory$1.getObject(AbstractBeanFactory.java:302)
	at org.springframework.beans.factory.support.DefaultSingletonBeanRegistry.getSingleton(DefaultSingletonBeanRegistry.java:229)
	at org.springframework.beans.factory.support.AbstractBeanFactory.doGetBean(AbstractBeanFactory.java:298)
	at org.springframework.beans.factory.support.AbstractBeanFactory.getBean(AbstractBeanFactory.java:193)
	at org.springframework.beans.factory.support.DefaultListableBeanFactory.findAutowireCandidates(DefaultListableBeanFactory.java:1127)
	at org.springframework.beans.factory.support.DefaultListableBeanFactory.doResolveDependency(DefaultListableBeanFactory.java:1051)
	at org.springframework.beans.factory.support.DefaultListableBeanFactory.resolveDependency(DefaultListableBeanFactory.java:949)
	at org.springframework.beans.factory.annotation.AutowiredAnnotationBeanPostProcessor$AutowiredFieldElement.inject(AutowiredAnnotationBeanPostProcessor.java:527)
	... 17 more
Caused by: java.lang.NoSuchMethodError: org.hibernate.cfg.Configuration.addAnnotatedClass(Ljava/lang/Class;)Lorg/hibernate/cfg/Configuration;
	at org.springframework.orm.hibernate3.annotation.AnnotationSessionFactoryBean.scanPackages(AnnotationSessionFactoryBean.java:199)
	at org.springframework.orm.hibernate3.annotation.AnnotationSessionFactoryBean.postProcessMappings(AnnotationSessionFactoryBean.java:163)
	at org.springframework.orm.hibernate3.LocalSessionFactoryBean.buildSessionFactory(LocalSessionFactoryBean.java:657)
	at org.springframework.orm.hibernate3.AbstractSessionFactoryBean.afterPropertiesSet(AbstractSessionFactoryBean.java:189)
	at org.springframework.beans.factory.support.AbstractAutowireCapableBeanFactory.invokeInitMethods(AbstractAutowireCapableBeanFactory.java:1627)
	at org.springframework.beans.factory.support.AbstractAutowireCapableBeanFactory.initializeBean(AbstractAutowireCapableBeanFactory.java:1564)
	... 27 more
2015-03-25 18:21:35 INFO  ClassPathXmlApplicationContext:510 - Refreshing org.springframework.context.support.ClassPathXmlApplicationContext@72b6cbcc: startup date [Wed Mar 25 18:21:35 BRT 2015]; root of context hierarchy
2015-03-25 18:21:35 INFO  XmlBeanDefinitionReader:317 - Loading XML bean definitions from class path resource [app-context.xml]
2015-03-25 18:21:37 INFO  DriverManagerDataSource:133 - Loaded JDBC driver: org.postgresql.Driver
2015-03-25 18:21:37 INFO  Environment:500 - Hibernate 3.2.1
2015-03-25 18:21:37 INFO  Environment:533 - hibernate.properties not found
2015-03-25 18:21:37 INFO  Environment:667 - Bytecode provider name : cglib
2015-03-25 18:21:37 INFO  Environment:584 - using JDK 1.4 java.sql.Timestamp handling
2015-03-25 18:21:37 WARN  ClassPathXmlApplicationContext:487 - Exception encountered during context initialization - cancelling refresh attempt
org.springframework.beans.factory.BeanCreationException: Error creating bean with name 'PersonDAO': Injection of autowired dependencies failed; nested exception is org.springframework.beans.factory.BeanCreationException: Could not autowire field: private org.hibernate.SessionFactory com.IMaylatov.Recommend.DAO.Generic.GenericDAOImpl.sessionFactory; nested exception is org.springframework.beans.factory.BeanCreationException: Error creating bean with name 'sessionFactory' defined in class path resource [app-context.xml]: Invocation of init method failed; nested exception is java.lang.NoSuchMethodError: org.hibernate.cfg.Configuration.addAnnotatedClass(Ljava/lang/Class;)Lorg/hibernate/cfg/Configuration;
	at org.springframework.beans.factory.annotation.AutowiredAnnotationBeanPostProcessor.postProcessPropertyValues(AutowiredAnnotationBeanPostProcessor.java:334)
	at org.springframework.beans.factory.support.AbstractAutowireCapableBeanFactory.populateBean(AbstractAutowireCapableBeanFactory.java:1204)
	at org.springframework.beans.factory.support.AbstractAutowireCapableBeanFactory.doCreateBean(AbstractAutowireCapableBeanFactory.java:538)
	at org.springframework.beans.factory.support.AbstractAutowireCapableBeanFactory.createBean(AbstractAutowireCapableBeanFactory.java:476)
	at org.springframework.beans.factory.support.AbstractBeanFactory$1.getObject(AbstractBeanFactory.java:302)
	at org.springframework.beans.factory.support.DefaultSingletonBeanRegistry.getSingleton(DefaultSingletonBeanRegistry.java:229)
	at org.springframework.beans.factory.support.AbstractBeanFactory.doGetBean(AbstractBeanFactory.java:298)
	at org.springframework.beans.factory.support.AbstractBeanFactory.getBean(AbstractBeanFactory.java:193)
	at org.springframework.beans.factory.support.DefaultListableBeanFactory.preInstantiateSingletons(DefaultListableBeanFactory.java:762)
	at org.springframework.context.support.AbstractApplicationContext.finishBeanFactoryInitialization(AbstractApplicationContext.java:757)
	at org.springframework.context.support.AbstractApplicationContext.refresh(AbstractApplicationContext.java:480)
	at org.springframework.context.support.ClassPathXmlApplicationContext.<init>(ClassPathXmlApplicationContext.java:139)
	at org.springframework.context.support.ClassPathXmlApplicationContext.<init>(ClassPathXmlApplicationContext.java:119)
	at com.IMaylatov.Recommend.DbContext.<init>(DbContext.java:14)
	at com.IMaylatov.Recommend.DbContext.<clinit>(DbContext.java:12)
	at com.IMaylatov.Recommend.Main.Main.main(Main.java:14)
Caused by: org.springframework.beans.factory.BeanCreationException: Could not autowire field: private org.hibernate.SessionFactory com.IMaylatov.Recommend.DAO.Generic.GenericDAOImpl.sessionFactory; nested exception is org.springframework.beans.factory.BeanCreationException: Error creating bean with name 'sessionFactory' defined in class path resource [app-context.xml]: Invocation of init method failed; nested exception is java.lang.NoSuchMethodError: org.hibernate.cfg.Configuration.addAnnotatedClass(Ljava/lang/Class;)Lorg/hibernate/cfg/Configuration;
	at org.springframework.beans.factory.annotation.AutowiredAnnotationBeanPostProcessor$AutowiredFieldElement.inject(AutowiredAnnotationBeanPostProcessor.java:555)
	at org.springframework.beans.factory.annotation.InjectionMetadata.inject(InjectionMetadata.java:87)
	at org.springframework.beans.factory.annotation.AutowiredAnnotationBeanPostProcessor.postProcessPropertyValues(AutowiredAnnotationBeanPostProcessor.java:331)
	... 15 more
Caused by: org.springframework.beans.factory.BeanCreationException: Error creating bean with name 'sessionFactory' defined in class path resource [app-context.xml]: Invocation of init method failed; nested exception is java.lang.NoSuchMethodError: org.hibernate.cfg.Configuration.addAnnotatedClass(Ljava/lang/Class;)Lorg/hibernate/cfg/Configuration;
	at org.springframework.beans.factory.support.AbstractAutowireCapableBeanFactory.initializeBean(AbstractAutowireCapableBeanFactory.java:1568)
	at org.springframework.beans.factory.support.AbstractAutowireCapableBeanFactory.doCreateBean(AbstractAutowireCapableBeanFactory.java:540)
	at org.springframework.beans.factory.support.AbstractAutowireCapableBeanFactory.createBean(AbstractAutowireCapableBeanFactory.java:476)
	at org.springframework.beans.factory.support.AbstractBeanFactory$1.getObject(AbstractBeanFactory.java:302)
	at org.springframework.beans.factory.support.DefaultSingletonBeanRegistry.getSingleton(DefaultSingletonBeanRegistry.java:229)
	at org.springframework.beans.factory.support.AbstractBeanFactory.doGetBean(AbstractBeanFactory.java:298)
	at org.springframework.beans.factory.support.AbstractBeanFactory.getBean(AbstractBeanFactory.java:193)
	at org.springframework.beans.factory.support.DefaultListableBeanFactory.findAutowireCandidates(DefaultListableBeanFactory.java:1127)
	at org.springframework.beans.factory.support.DefaultListableBeanFactory.doResolveDependency(DefaultListableBeanFactory.java:1051)
	at org.springframework.beans.factory.support.DefaultListableBeanFactory.resolveDependency(DefaultListableBeanFactory.java:949)
	at org.springframework.beans.factory.annotation.AutowiredAnnotationBeanPostProcessor$AutowiredFieldElement.inject(AutowiredAnnotationBeanPostProcessor.java:527)
	... 17 more
Caused by: java.lang.NoSuchMethodError: org.hibernate.cfg.Configuration.addAnnotatedClass(Ljava/lang/Class;)Lorg/hibernate/cfg/Configuration;
	at org.springframework.orm.hibernate3.annotation.AnnotationSessionFactoryBean.scanPackages(AnnotationSessionFactoryBean.java:199)
	at org.springframework.orm.hibernate3.annotation.AnnotationSessionFactoryBean.postProcessMappings(AnnotationSessionFactoryBean.java:163)
	at org.springframework.orm.hibernate3.LocalSessionFactoryBean.buildSessionFactory(LocalSessionFactoryBean.java:657)
	at org.springframework.orm.hibernate3.AbstractSessionFactoryBean.afterPropertiesSet(AbstractSessionFactoryBean.java:189)
	at org.springframework.beans.factory.support.AbstractAutowireCapableBeanFactory.invokeInitMethods(AbstractAutowireCapableBeanFactory.java:1627)
	at org.springframework.beans.factory.support.AbstractAutowireCapableBeanFactory.initializeBean(AbstractAutowireCapableBeanFactory.java:1564)
	... 27 more
2015-03-25 18:23:11 INFO  ClassPathXmlApplicationContext:510 - Refreshing org.springframework.context.support.ClassPathXmlApplicationContext@3fd7a715: startup date [Wed Mar 25 18:23:11 BRT 2015]; root of context hierarchy
2015-03-25 18:23:11 INFO  XmlBeanDefinitionReader:317 - Loading XML bean definitions from class path resource [app-context.xml]
2015-03-25 18:23:13 INFO  DriverManagerDataSource:133 - Loaded JDBC driver: org.postgresql.Driver
2015-03-25 18:23:13 INFO  Environment:500 - Hibernate 3.2.1
2015-03-25 18:23:13 INFO  Environment:533 - hibernate.properties not found
2015-03-25 18:23:13 INFO  Environment:667 - Bytecode provider name : cglib
2015-03-25 18:23:13 INFO  Environment:584 - using JDK 1.4 java.sql.Timestamp handling
2015-03-25 18:23:13 WARN  ClassPathXmlApplicationContext:487 - Exception encountered during context initialization - cancelling refresh attempt
org.springframework.beans.factory.BeanCreationException: Error creating bean with name 'PersonDAO': Injection of autowired dependencies failed; nested exception is org.springframework.beans.factory.BeanCreationException: Could not autowire field: private org.hibernate.SessionFactory com.IMaylatov.Recommend.DAO.Generic.GenericDAOImpl.sessionFactory; nested exception is org.springframework.beans.factory.BeanCreationException: Error creating bean with name 'sessionFactory' defined in class path resource [app-context.xml]: Invocation of init method failed; nested exception is java.lang.NoSuchMethodError: org.hibernate.cfg.Configuration.addAnnotatedClass(Ljava/lang/Class;)Lorg/hibernate/cfg/Configuration;
	at org.springframework.beans.factory.annotation.AutowiredAnnotationBeanPostProcessor.postProcessPropertyValues(AutowiredAnnotationBeanPostProcessor.java:334)
	at org.springframework.beans.factory.support.AbstractAutowireCapableBeanFactory.populateBean(AbstractAutowireCapableBeanFactory.java:1204)
	at org.springframework.beans.factory.support.AbstractAutowireCapableBeanFactory.doCreateBean(AbstractAutowireCapableBeanFactory.java:538)
	at org.springframework.beans.factory.support.AbstractAutowireCapableBeanFactory.createBean(AbstractAutowireCapableBeanFactory.java:476)
	at org.springframework.beans.factory.support.AbstractBeanFactory$1.getObject(AbstractBeanFactory.java:302)
	at org.springframework.beans.factory.support.DefaultSingletonBeanRegistry.getSingleton(DefaultSingletonBeanRegistry.java:229)
	at org.springframework.beans.factory.support.AbstractBeanFactory.doGetBean(AbstractBeanFactory.java:298)
	at org.springframework.beans.factory.support.AbstractBeanFactory.getBean(AbstractBeanFactory.java:193)
	at org.springframework.beans.factory.support.DefaultListableBeanFactory.preInstantiateSingletons(DefaultListableBeanFactory.java:762)
	at org.springframework.context.support.AbstractApplicationContext.finishBeanFactoryInitialization(AbstractApplicationContext.java:757)
	at org.springframework.context.support.AbstractApplicationContext.refresh(AbstractApplicationContext.java:480)
	at org.springframework.context.support.ClassPathXmlApplicationContext.<init>(ClassPathXmlApplicationContext.java:139)
	at org.springframework.context.support.ClassPathXmlApplicationContext.<init>(ClassPathXmlApplicationContext.java:119)
	at com.IMaylatov.Recommend.DbContext.<init>(DbContext.java:14)
	at com.IMaylatov.Recommend.DbContext.<clinit>(DbContext.java:12)
	at com.IMaylatov.Recommend.Main.Main.main(Main.java:14)
Caused by: org.springframework.beans.factory.BeanCreationException: Could not autowire field: private org.hibernate.SessionFactory com.IMaylatov.Recommend.DAO.Generic.GenericDAOImpl.sessionFactory; nested exception is org.springframework.beans.factory.BeanCreationException: Error creating bean with name 'sessionFactory' defined in class path resource [app-context.xml]: Invocation of init method failed; nested exception is java.lang.NoSuchMethodError: org.hibernate.cfg.Configuration.addAnnotatedClass(Ljava/lang/Class;)Lorg/hibernate/cfg/Configuration;
	at org.springframework.beans.factory.annotation.AutowiredAnnotationBeanPostProcessor$AutowiredFieldElement.inject(AutowiredAnnotationBeanPostProcessor.java:555)
	at org.springframework.beans.factory.annotation.InjectionMetadata.inject(InjectionMetadata.java:87)
	at org.springframework.beans.factory.annotation.AutowiredAnnotationBeanPostProcessor.postProcessPropertyValues(AutowiredAnnotationBeanPostProcessor.java:331)
	... 15 more
Caused by: org.springframework.beans.factory.BeanCreationException: Error creating bean with name 'sessionFactory' defined in class path resource [app-context.xml]: Invocation of init method failed; nested exception is java.lang.NoSuchMethodError: org.hibernate.cfg.Configuration.addAnnotatedClass(Ljava/lang/Class;)Lorg/hibernate/cfg/Configuration;
	at org.springframework.beans.factory.support.AbstractAutowireCapableBeanFactory.initializeBean(AbstractAutowireCapableBeanFactory.java:1568)
	at org.springframework.beans.factory.support.AbstractAutowireCapableBeanFactory.doCreateBean(AbstractAutowireCapableBeanFactory.java:540)
	at org.springframework.beans.factory.support.AbstractAutowireCapableBeanFactory.createBean(AbstractAutowireCapableBeanFactory.java:476)
	at org.springframework.beans.factory.support.AbstractBeanFactory$1.getObject(AbstractBeanFactory.java:302)
	at org.springframework.beans.factory.support.DefaultSingletonBeanRegistry.getSingleton(DefaultSingletonBeanRegistry.java:229)
	at org.springframework.beans.factory.support.AbstractBeanFactory.doGetBean(AbstractBeanFactory.java:298)
	at org.springframework.beans.factory.support.AbstractBeanFactory.getBean(AbstractBeanFactory.java:193)
	at org.springframework.beans.factory.support.DefaultListableBeanFactory.findAutowireCandidates(DefaultListableBeanFactory.java:1127)
	at org.springframework.beans.factory.support.DefaultListableBeanFactory.doResolveDependency(DefaultListableBeanFactory.java:1051)
	at org.springframework.beans.factory.support.DefaultListableBeanFactory.resolveDependency(DefaultListableBeanFactory.java:949)
	at org.springframework.beans.factory.annotation.AutowiredAnnotationBeanPostProcessor$AutowiredFieldElement.inject(AutowiredAnnotationBeanPostProcessor.java:527)
	... 17 more
Caused by: java.lang.NoSuchMethodError: org.hibernate.cfg.Configuration.addAnnotatedClass(Ljava/lang/Class;)Lorg/hibernate/cfg/Configuration;
	at org.springframework.orm.hibernate3.annotation.AnnotationSessionFactoryBean.scanPackages(AnnotationSessionFactoryBean.java:199)
	at org.springframework.orm.hibernate3.annotation.AnnotationSessionFactoryBean.postProcessMappings(AnnotationSessionFactoryBean.java:163)
	at org.springframework.orm.hibernate3.LocalSessionFactoryBean.buildSessionFactory(LocalSessionFactoryBean.java:657)
	at org.springframework.orm.hibernate3.AbstractSessionFactoryBean.afterPropertiesSet(AbstractSessionFactoryBean.java:189)
	at org.springframework.beans.factory.support.AbstractAutowireCapableBeanFactory.invokeInitMethods(AbstractAutowireCapableBeanFactory.java:1627)
	at org.springframework.beans.factory.support.AbstractAutowireCapableBeanFactory.initializeBean(AbstractAutowireCapableBeanFactory.java:1564)
	... 27 more
2015-03-25 18:24:47 INFO  ClassPathXmlApplicationContext:510 - Refreshing org.springframework.context.support.ClassPathXmlApplicationContext@68bbe345: startup date [Wed Mar 25 18:24:47 BRT 2015]; root of context hierarchy
2015-03-25 18:24:47 INFO  XmlBeanDefinitionReader:317 - Loading XML bean definitions from class path resource [app-context.xml]
2015-03-25 18:24:49 INFO  DriverManagerDataSource:133 - Loaded JDBC driver: org.postgresql.Driver
2015-03-25 18:24:49 INFO  Version:37 - Hibernate Commons Annotations 3.2.0.Final
2015-03-25 18:24:49 INFO  Environment:603 - Hibernate 3.6.9.Final
2015-03-25 18:24:49 INFO  Environment:636 - hibernate.properties not found
2015-03-25 18:24:49 INFO  Environment:814 - Bytecode provider name : javassist
2015-03-25 18:24:49 INFO  Environment:695 - using JDK 1.4 java.sql.Timestamp handling
2015-03-25 18:24:50 INFO  AnnotationBinder:532 - Binding entity from annotated class: com.IMaylatov.Recommend.Model.Person
2015-03-25 18:24:50 INFO  EntityBinder:530 - Bind entity com.IMaylatov.Recommend.Model.Person on table Person
2015-03-25 18:24:50 INFO  AnnotationBinder:532 - Binding entity from annotated class: com.IMaylatov.Recommend.Model.Rate
2015-03-25 18:24:50 INFO  EntityBinder:530 - Bind entity com.IMaylatov.Recommend.Model.Rate on table Rate
2015-03-25 18:24:50 INFO  AnnotationBinder:532 - Binding entity from annotated class: com.IMaylatov.Recommend.Model.Song
2015-03-25 18:24:50 INFO  EntityBinder:530 - Bind entity com.IMaylatov.Recommend.Model.Song on table Song
2015-03-25 18:24:50 INFO  CollectionBinder:762 - Mapping collection: com.IMaylatov.Recommend.Model.Song.rateList -> Rate
2015-03-25 18:24:50 INFO  CollectionBinder:762 - Mapping collection: com.IMaylatov.Recommend.Model.Person.rateList -> Rate
2015-03-25 18:24:50 INFO  Configuration:1676 - Hibernate Validator not found: ignoring
2015-03-25 18:24:50 INFO  AnnotationSessionFactoryBean:713 - Building new Hibernate SessionFactory
2015-03-25 18:24:50 INFO  HibernateSearchEventListenerRegister:75 - Unable to find org.hibernate.search.event.FullTextIndexEventListener on the classpath. Hibernate Search is not enabled.
2015-03-25 18:24:50 INFO  ConnectionProviderFactory:173 - Initializing connection provider: org.springframework.orm.hibernate3.LocalDataSourceConnectionProvider
2015-03-25 18:24:50 INFO  Dialect:135 - Using dialect: org.hibernate.dialect.PostgreSQLDialect
2015-03-25 18:24:50 INFO  JdbcSupportLoader:108 - Disabling contextual LOB creation as createClob() method threw error : java.lang.reflect.InvocationTargetException
2015-03-25 18:24:50 INFO  SettingsFactory:126 - Database ->
       name : PostgreSQL
    version : 9.3.3
      major : 9
      minor : 3
2015-03-25 18:24:50 INFO  SettingsFactory:132 - Driver ->
       name : PostgreSQL Native Driver
    version : PostgreSQL 9.3 JDBC4.1 (build 1100)
      major : 9
      minor : 3
2015-03-25 18:24:50 INFO  TransactionFactoryFactory:65 - Transaction strategy: org.springframework.orm.hibernate3.SpringTransactionFactory
2015-03-25 18:24:50 INFO  TransactionManagerLookupFactory:83 - No TransactionManagerLookup configured (in JTA environment, use of read-write or transactional second-level cache is not recommended)
2015-03-25 18:24:50 INFO  SettingsFactory:179 - Automatic flush during beforeCompletion(): disabled
2015-03-25 18:24:50 INFO  SettingsFactory:183 - Automatic session close at end of transaction: disabled
2015-03-25 18:24:50 INFO  SettingsFactory:190 - JDBC batch size: 10
2015-03-25 18:24:50 INFO  SettingsFactory:193 - JDBC batch updates for versioned data: disabled
2015-03-25 18:24:50 INFO  SettingsFactory:198 - Scrollable result sets: enabled
2015-03-25 18:24:50 INFO  SettingsFactory:206 - JDBC3 getGeneratedKeys(): enabled
2015-03-25 18:24:50 INFO  SettingsFactory:210 - JDBC result set fetch size: 50
2015-03-25 18:24:50 INFO  SettingsFactory:214 - Connection release mode: auto
2015-03-25 18:24:50 INFO  SettingsFactory:238 - Maximum outer join fetch depth: 3
2015-03-25 18:24:50 INFO  SettingsFactory:241 - Default batch fetch size: 1
2015-03-25 18:24:50 INFO  SettingsFactory:245 - Generate SQL with comments: disabled
2015-03-25 18:24:50 INFO  SettingsFactory:249 - Order SQL updates by primary key: disabled
2015-03-25 18:24:50 INFO  SettingsFactory:253 - Order SQL inserts for batching: disabled
2015-03-25 18:24:50 INFO  SettingsFactory:431 - Query translator: org.hibernate.hql.ast.ASTQueryTranslatorFactory
2015-03-25 18:24:50 INFO  ASTQueryTranslatorFactory:47 - Using ASTQueryTranslatorFactory
2015-03-25 18:24:50 INFO  SettingsFactory:261 - Query language substitutions: {}
2015-03-25 18:24:50 INFO  SettingsFactory:266 - JPA-QL strict compliance: disabled
2015-03-25 18:24:50 INFO  SettingsFactory:271 - Second-level cache: enabled
2015-03-25 18:24:50 INFO  SettingsFactory:275 - Query cache: disabled
2015-03-25 18:24:50 INFO  SettingsFactory:406 - Cache region factory : org.hibernate.cache.impl.NoCachingRegionFactory
2015-03-25 18:24:50 INFO  SettingsFactory:285 - Optimize cache for minimal puts: disabled
2015-03-25 18:24:50 INFO  SettingsFactory:294 - Structured second-level cache entries: disabled
2015-03-25 18:24:50 INFO  SettingsFactory:314 - Echoing all SQL to stdout
2015-03-25 18:24:50 INFO  SettingsFactory:323 - Statistics: disabled
2015-03-25 18:24:50 INFO  SettingsFactory:327 - Deleted entity synthetic identifier rollback: disabled
2015-03-25 18:24:50 INFO  SettingsFactory:343 - Default entity-mode: pojo
2015-03-25 18:24:50 INFO  SettingsFactory:347 - Named query checking : enabled
2015-03-25 18:24:50 INFO  SettingsFactory:351 - Check Nullability in Core (should be disabled when Bean Validation is on): enabled
2015-03-25 18:24:50 INFO  SessionFactoryImpl:202 - building session factory
2015-03-25 18:24:50 INFO  BasicTypeRegistry:150 - Type registration [materialized_blob] overrides previous : org.hibernate.type.MaterializedBlobType@51abf713
2015-03-25 18:24:51 INFO  SessionFactoryObjectFactory:105 - Not binding factory to JNDI, no JNDI name configured
2015-03-25 18:24:51 INFO  HibernateTransactionManager:418 - Using DataSource [org.springframework.jdbc.datasource.DriverManagerDataSource@15723761] of Hibernate SessionFactory for HibernateTransactionManager
2015-03-25 18:25:09 INFO  ClassPathXmlApplicationContext:510 - Refreshing org.springframework.context.support.ClassPathXmlApplicationContext@68bbe345: startup date [Wed Mar 25 18:25:09 BRT 2015]; root of context hierarchy
2015-03-25 18:25:09 INFO  XmlBeanDefinitionReader:317 - Loading XML bean definitions from class path resource [app-context.xml]
2015-03-25 18:25:10 INFO  DriverManagerDataSource:133 - Loaded JDBC driver: org.postgresql.Driver
2015-03-25 18:25:10 INFO  Version:37 - Hibernate Commons Annotations 3.2.0.Final
2015-03-25 18:25:10 INFO  Environment:603 - Hibernate 3.6.9.Final
2015-03-25 18:25:10 INFO  Environment:636 - hibernate.properties not found
2015-03-25 18:25:10 INFO  Environment:814 - Bytecode provider name : javassist
2015-03-25 18:25:10 INFO  Environment:695 - using JDK 1.4 java.sql.Timestamp handling
2015-03-25 18:25:11 INFO  AnnotationBinder:532 - Binding entity from annotated class: com.IMaylatov.Recommend.Model.Person
2015-03-25 18:25:11 INFO  EntityBinder:530 - Bind entity com.IMaylatov.Recommend.Model.Person on table Person
2015-03-25 18:25:11 INFO  AnnotationBinder:532 - Binding entity from annotated class: com.IMaylatov.Recommend.Model.Rate
2015-03-25 18:25:11 INFO  EntityBinder:530 - Bind entity com.IMaylatov.Recommend.Model.Rate on table Rate
2015-03-25 18:25:11 INFO  AnnotationBinder:532 - Binding entity from annotated class: com.IMaylatov.Recommend.Model.Song
2015-03-25 18:25:11 INFO  EntityBinder:530 - Bind entity com.IMaylatov.Recommend.Model.Song on table Song
2015-03-25 18:25:11 INFO  CollectionBinder:762 - Mapping collection: com.IMaylatov.Recommend.Model.Song.rateList -> Rate
2015-03-25 18:25:11 INFO  CollectionBinder:762 - Mapping collection: com.IMaylatov.Recommend.Model.Person.rateList -> Rate
2015-03-25 18:25:11 INFO  Configuration:1676 - Hibernate Validator not found: ignoring
2015-03-25 18:25:11 INFO  AnnotationSessionFactoryBean:713 - Building new Hibernate SessionFactory
2015-03-25 18:25:11 INFO  HibernateSearchEventListenerRegister:75 - Unable to find org.hibernate.search.event.FullTextIndexEventListener on the classpath. Hibernate Search is not enabled.
2015-03-25 18:25:11 INFO  ConnectionProviderFactory:173 - Initializing connection provider: org.springframework.orm.hibernate3.LocalDataSourceConnectionProvider
2015-03-25 18:25:11 INFO  Dialect:135 - Using dialect: org.hibernate.dialect.PostgreSQLDialect
2015-03-25 18:25:12 INFO  JdbcSupportLoader:108 - Disabling contextual LOB creation as createClob() method threw error : java.lang.reflect.InvocationTargetException
2015-03-25 18:25:12 INFO  SettingsFactory:126 - Database ->
       name : PostgreSQL
    version : 9.3.3
      major : 9
      minor : 3
2015-03-25 18:25:12 INFO  SettingsFactory:132 - Driver ->
       name : PostgreSQL Native Driver
    version : PostgreSQL 9.3 JDBC4.1 (build 1100)
      major : 9
      minor : 3
2015-03-25 18:25:12 INFO  TransactionFactoryFactory:65 - Transaction strategy: org.springframework.orm.hibernate3.SpringTransactionFactory
2015-03-25 18:25:12 INFO  TransactionManagerLookupFactory:83 - No TransactionManagerLookup configured (in JTA environment, use of read-write or transactional second-level cache is not recommended)
2015-03-25 18:25:12 INFO  SettingsFactory:179 - Automatic flush during beforeCompletion(): disabled
2015-03-25 18:25:12 INFO  SettingsFactory:183 - Automatic session close at end of transaction: disabled
2015-03-25 18:25:12 INFO  SettingsFactory:190 - JDBC batch size: 10
2015-03-25 18:25:12 INFO  SettingsFactory:193 - JDBC batch updates for versioned data: disabled
2015-03-25 18:25:12 INFO  SettingsFactory:198 - Scrollable result sets: enabled
2015-03-25 18:25:12 INFO  SettingsFactory:206 - JDBC3 getGeneratedKeys(): enabled
2015-03-25 18:25:12 INFO  SettingsFactory:210 - JDBC result set fetch size: 50
2015-03-25 18:25:12 INFO  SettingsFactory:214 - Connection release mode: auto
2015-03-25 18:25:12 INFO  SettingsFactory:238 - Maximum outer join fetch depth: 3
2015-03-25 18:25:12 INFO  SettingsFactory:241 - Default batch fetch size: 1
2015-03-25 18:25:12 INFO  SettingsFactory:245 - Generate SQL with comments: disabled
2015-03-25 18:25:12 INFO  SettingsFactory:249 - Order SQL updates by primary key: disabled
2015-03-25 18:25:12 INFO  SettingsFactory:253 - Order SQL inserts for batching: disabled
2015-03-25 18:25:12 INFO  SettingsFactory:431 - Query translator: org.hibernate.hql.ast.ASTQueryTranslatorFactory
2015-03-25 18:25:12 INFO  ASTQueryTranslatorFactory:47 - Using ASTQueryTranslatorFactory
2015-03-25 18:25:12 INFO  SettingsFactory:261 - Query language substitutions: {}
2015-03-25 18:25:12 INFO  SettingsFactory:266 - JPA-QL strict compliance: disabled
2015-03-25 18:25:12 INFO  SettingsFactory:271 - Second-level cache: enabled
2015-03-25 18:25:12 INFO  SettingsFactory:275 - Query cache: disabled
2015-03-25 18:25:12 INFO  SettingsFactory:406 - Cache region factory : org.hibernate.cache.impl.NoCachingRegionFactory
2015-03-25 18:25:12 INFO  SettingsFactory:285 - Optimize cache for minimal puts: disabled
2015-03-25 18:25:12 INFO  SettingsFactory:294 - Structured second-level cache entries: disabled
2015-03-25 18:25:12 INFO  SettingsFactory:314 - Echoing all SQL to stdout
2015-03-25 18:25:12 INFO  SettingsFactory:323 - Statistics: disabled
2015-03-25 18:25:12 INFO  SettingsFactory:327 - Deleted entity synthetic identifier rollback: disabled
2015-03-25 18:25:12 INFO  SettingsFactory:343 - Default entity-mode: pojo
2015-03-25 18:25:12 INFO  SettingsFactory:347 - Named query checking : enabled
2015-03-25 18:25:12 INFO  SettingsFactory:351 - Check Nullability in Core (should be disabled when Bean Validation is on): enabled
2015-03-25 18:25:12 INFO  SessionFactoryImpl:202 - building session factory
2015-03-25 18:25:12 INFO  BasicTypeRegistry:150 - Type registration [materialized_blob] overrides previous : org.hibernate.type.MaterializedBlobType@51abf713
2015-03-25 18:25:12 INFO  SessionFactoryObjectFactory:105 - Not binding factory to JNDI, no JNDI name configured
2015-03-25 18:25:12 INFO  HibernateTransactionManager:418 - Using DataSource [org.springframework.jdbc.datasource.DriverManagerDataSource@15723761] of Hibernate SessionFactory for HibernateTransactionManager
2015-03-25 18:25:39 INFO  ClassPathXmlApplicationContext:510 - Refreshing org.springframework.context.support.ClassPathXmlApplicationContext@68bbe345: startup date [Wed Mar 25 18:25:39 BRT 2015]; root of context hierarchy
2015-03-25 18:25:39 INFO  XmlBeanDefinitionReader:317 - Loading XML bean definitions from class path resource [app-context.xml]
2015-03-25 18:25:41 INFO  DriverManagerDataSource:133 - Loaded JDBC driver: org.postgresql.Driver
2015-03-25 18:25:41 INFO  Version:37 - Hibernate Commons Annotations 3.2.0.Final
2015-03-25 18:25:41 INFO  Environment:603 - Hibernate 3.6.9.Final
2015-03-25 18:25:41 INFO  Environment:636 - hibernate.properties not found
2015-03-25 18:25:41 INFO  Environment:814 - Bytecode provider name : javassist
2015-03-25 18:25:41 INFO  Environment:695 - using JDK 1.4 java.sql.Timestamp handling
2015-03-25 18:25:42 INFO  AnnotationBinder:532 - Binding entity from annotated class: com.IMaylatov.Recommend.Model.Person
2015-03-25 18:25:42 INFO  EntityBinder:530 - Bind entity com.IMaylatov.Recommend.Model.Person on table Person
2015-03-25 18:25:42 INFO  AnnotationBinder:532 - Binding entity from annotated class: com.IMaylatov.Recommend.Model.Rate
2015-03-25 18:25:42 INFO  EntityBinder:530 - Bind entity com.IMaylatov.Recommend.Model.Rate on table Rate
2015-03-25 18:25:42 INFO  AnnotationBinder:532 - Binding entity from annotated class: com.IMaylatov.Recommend.Model.Song
2015-03-25 18:25:42 INFO  EntityBinder:530 - Bind entity com.IMaylatov.Recommend.Model.Song on table Song
2015-03-25 18:25:42 INFO  CollectionBinder:762 - Mapping collection: com.IMaylatov.Recommend.Model.Song.rateList -> Rate
2015-03-25 18:25:42 INFO  CollectionBinder:762 - Mapping collection: com.IMaylatov.Recommend.Model.Person.rateList -> Rate
2015-03-25 18:25:42 INFO  Configuration:1676 - Hibernate Validator not found: ignoring
2015-03-25 18:25:42 INFO  AnnotationSessionFactoryBean:713 - Building new Hibernate SessionFactory
2015-03-25 18:25:42 INFO  HibernateSearchEventListenerRegister:75 - Unable to find org.hibernate.search.event.FullTextIndexEventListener on the classpath. Hibernate Search is not enabled.
2015-03-25 18:25:42 INFO  ConnectionProviderFactory:173 - Initializing connection provider: org.springframework.orm.hibernate3.LocalDataSourceConnectionProvider
2015-03-25 18:25:42 INFO  Dialect:135 - Using dialect: org.hibernate.dialect.PostgreSQLDialect
2015-03-25 18:25:42 INFO  JdbcSupportLoader:108 - Disabling contextual LOB creation as createClob() method threw error : java.lang.reflect.InvocationTargetException
2015-03-25 18:25:42 INFO  SettingsFactory:126 - Database ->
       name : PostgreSQL
    version : 9.3.3
      major : 9
      minor : 3
2015-03-25 18:25:42 INFO  SettingsFactory:132 - Driver ->
       name : PostgreSQL Native Driver
    version : PostgreSQL 9.3 JDBC4.1 (build 1100)
      major : 9
      minor : 3
2015-03-25 18:25:42 INFO  TransactionFactoryFactory:65 - Transaction strategy: org.springframework.orm.hibernate3.SpringTransactionFactory
2015-03-25 18:25:42 INFO  TransactionManagerLookupFactory:83 - No TransactionManagerLookup configured (in JTA environment, use of read-write or transactional second-level cache is not recommended)
2015-03-25 18:25:42 INFO  SettingsFactory:179 - Automatic flush during beforeCompletion(): disabled
2015-03-25 18:25:42 INFO  SettingsFactory:183 - Automatic session close at end of transaction: disabled
2015-03-25 18:25:42 INFO  SettingsFactory:190 - JDBC batch size: 10
2015-03-25 18:25:42 INFO  SettingsFactory:193 - JDBC batch updates for versioned data: disabled
2015-03-25 18:25:42 INFO  SettingsFactory:198 - Scrollable result sets: enabled
2015-03-25 18:25:42 INFO  SettingsFactory:206 - JDBC3 getGeneratedKeys(): enabled
2015-03-25 18:25:42 INFO  SettingsFactory:210 - JDBC result set fetch size: 50
2015-03-25 18:25:42 INFO  SettingsFactory:214 - Connection release mode: auto
2015-03-25 18:25:42 INFO  SettingsFactory:238 - Maximum outer join fetch depth: 3
2015-03-25 18:25:42 INFO  SettingsFactory:241 - Default batch fetch size: 1
2015-03-25 18:25:42 INFO  SettingsFactory:245 - Generate SQL with comments: disabled
2015-03-25 18:25:42 INFO  SettingsFactory:249 - Order SQL updates by primary key: disabled
2015-03-25 18:25:42 INFO  SettingsFactory:253 - Order SQL inserts for batching: disabled
2015-03-25 18:25:42 INFO  SettingsFactory:431 - Query translator: org.hibernate.hql.ast.ASTQueryTranslatorFactory
2015-03-25 18:25:42 INFO  ASTQueryTranslatorFactory:47 - Using ASTQueryTranslatorFactory
2015-03-25 18:25:42 INFO  SettingsFactory:261 - Query language substitutions: {}
2015-03-25 18:25:42 INFO  SettingsFactory:266 - JPA-QL strict compliance: disabled
2015-03-25 18:25:42 INFO  SettingsFactory:271 - Second-level cache: enabled
2015-03-25 18:25:42 INFO  SettingsFactory:275 - Query cache: disabled
2015-03-25 18:25:42 INFO  SettingsFactory:406 - Cache region factory : org.hibernate.cache.impl.NoCachingRegionFactory
2015-03-25 18:25:42 INFO  SettingsFactory:285 - Optimize cache for minimal puts: disabled
2015-03-25 18:25:42 INFO  SettingsFactory:294 - Structured second-level cache entries: disabled
2015-03-25 18:25:42 INFO  SettingsFactory:314 - Echoing all SQL to stdout
2015-03-25 18:25:42 INFO  SettingsFactory:323 - Statistics: disabled
2015-03-25 18:25:42 INFO  SettingsFactory:327 - Deleted entity synthetic identifier rollback: disabled
2015-03-25 18:25:42 INFO  SettingsFactory:343 - Default entity-mode: pojo
2015-03-25 18:25:42 INFO  SettingsFactory:347 - Named query checking : enabled
2015-03-25 18:25:42 INFO  SettingsFactory:351 - Check Nullability in Core (should be disabled when Bean Validation is on): enabled
2015-03-25 18:25:42 INFO  SessionFactoryImpl:202 - building session factory
2015-03-25 18:25:42 INFO  BasicTypeRegistry:150 - Type registration [materialized_blob] overrides previous : org.hibernate.type.MaterializedBlobType@51abf713
2015-03-25 18:25:43 INFO  SessionFactoryObjectFactory:105 - Not binding factory to JNDI, no JNDI name configured
2015-03-25 18:25:43 INFO  HibernateTransactionManager:418 - Using DataSource [org.springframework.jdbc.datasource.DriverManagerDataSource@15723761] of Hibernate SessionFactory for HibernateTransactionManager
